- Starting BookShelf_Automation on MCKD-TRNG60-19 with PID 8604 (C:\Users\comviva\Desktop\Project_4014\Project_4014\BookShelfBackendFinalised\target\classes started by comviva in C:\Users\comviva\Desktop\Project_4014\Project_4014\BookShelfBackendFinalised)
- No active profile set, falling back to default profiles: default
- Started BookShelf_Automation in 5.852 seconds (JVM running for 6.497)
- ..................Hello...................
- Starting BookShelf_Automation on MCKD-TRNG60-19 with PID 3136 (C:\Users\comviva\Desktop\Project_4014\Project_4014\BookShelfBackendFinalised\target\classes started by comviva in C:\Users\comviva\Desktop\Project_4014\Project_4014\BookShelfBackendFinalised)
- No active profile set, falling back to default profiles: default
- Starting BookShelf_Automation on MCKD-TRNG60-19 with PID 14744 (C:\Users\comviva\Desktop\Project_4014\Project_4014\BookShelfBackendFinalised\target\classes started by comviva in C:\Users\comviva\Desktop\Project_4014\Project_4014\BookShelfBackendFinalised)
- No active profile set, falling back to default profiles: default
- Started BookShelf_Automation in 6.763 seconds (JVM running for 7.444)
- ..................Hello...................
- Starting BookShelf_Automation on MCKD-TRNG60-19 with PID 10368 (C:\Users\comviva\Desktop\Project_4014\Project_4014\BookShelfBackendFinalised\target\classes started by comviva in C:\Users\comviva\Desktop\Project_4014\Project_4014\BookShelfBackendFinalised)
- No active profile set, falling back to default profiles: default
- Started BookShelf_Automation in 6.088 seconds (JVM running for 6.809)
- ..................Hello...................
- Starting BookShelf_Automation on MCKD-TRNG60-19 with PID 5596 (C:\Users\comviva\Desktop\Project_4014\Project_4014\BookShelfBackendFinalised\target\classes started by comviva in C:\Users\comviva\Desktop\Project_4014\Project_4014\BookShelfBackendFinalised)
- No active profile set, falling back to default profiles: default
- Started BookShelf_Automation in 6.278 seconds (JVM running for 6.944)
- ..................Hello...................
- Starting BookShelf_Automation on MCKD-TRNG60-19 with PID 15160 (C:\Users\comviva\Desktop\Project_4014\Project_4014\BookShelfBackendFinalised\target\classes started by comviva in C:\Users\comviva\Desktop\Project_4014\Project_4014\BookShelfBackendFinalised)
- No active profile set, falling back to default profiles: default
- Started BookShelf_Automation in 6.112 seconds (JVM running for 6.77)
- ..................Hello...................
- Admin validation post request for admin : 8080
- Admin validation post request for admin : 8080
- Admin validation post request for admin : 8080
- Starting BookShelf_Automation on MCKD-TRNG60-19 with PID 13368 (C:\Users\comviva\Desktop\Project_4014\Project_4014\BookShelfBackendFinalised\target\classes started by comviva in C:\Users\comviva\Desktop\Project_4014\Project_4014\BookShelfBackendFinalised)
- No active profile set, falling back to default profiles: default
- Started BookShelf_Automation in 6.026 seconds (JVM running for 6.704)
- ..................Hello...................
- Admin validation post request for admin : 8080
- Starting BookShelf_Automation on MCKD-TRNG60-19 with PID 8540 (C:\Users\comviva\Desktop\Project_4014\Project_4014\BookShelfBackendFinalised\target\classes started by comviva in C:\Users\comviva\Desktop\Project_4014\Project_4014\BookShelfBackendFinalised)
- No active profile set, falling back to default profiles: default
- Started BookShelf_Automation in 6.098 seconds (JVM running for 6.788)
- ..................Hello...................
- Admin validation post request for admin : 8080
- Admin validation post request for admin : 8080
- Starting BookShelf_Automation on MCKD-TRNG60-19 with PID 12028 (C:\Users\comviva\Desktop\Project_4014\Project_4014\BookShelfBackendFinalised\target\classes started by comviva in C:\Users\comviva\Desktop\Project_4014\Project_4014\BookShelfBackendFinalised)
- No active profile set, falling back to default profiles: default
- Started BookShelf_Automation in 6.207 seconds (JVM running for 6.95)
- ..................Hello...................
- Admin validation post request for admin : 8080
- Admin validation post request for admin : 8080
- Admin validation post request for admin : 8080
- Starting BookShelf_Automation on MCKD-TRNG60-19 with PID 1008 (C:\Users\comviva\Desktop\Project_4014\Project_4014\BookShelfBackendFinalised\target\classes started by comviva in C:\Users\comviva\Desktop\Project_4014\Project_4014\BookShelfBackendFinalised)
- No active profile set, falling back to default profiles: default
- Started BookShelf_Automation in 6.268 seconds (JVM running for 6.899)
- ..................Hello...................
- Member validation post request for Member : 1001
- Member validation post request for Member : 1001
- Starting BookShelf_Automation on MCKD-TRNG60-19 with PID 5860 (C:\Users\comviva\Desktop\Project_4014\Project_4014\BookShelfBackendFinalised\target\classes started by comviva in C:\Users\comviva\Desktop\Project_4014\Project_4014\BookShelfBackendFinalised)
- No active profile set, falling back to default profiles: default
- Started BookShelf_Automation in 6.684 seconds (JVM running for 7.37)
- ..................Hello...................
- Member validation post request for Member : 1005
- Member validation post request for Member : 1005
- Member validation post request for Member : 1005
- Member validation post request for Member : 1005
- Starting BookShelf_Automation on MCKD-TRNG60-19 with PID 14456 (C:\Users\comviva\Desktop\Project_4014\Project_4014\BookShelfBackendFinalised\target\classes started by comviva in C:\Users\comviva\Desktop\Project_4014\Project_4014\BookShelfBackendFinalised)
- No active profile set, falling back to default profiles: default
- Started BookShelf_Automation in 5.878 seconds (JVM running for 6.531)
- ..................Hello...................
- Starting BookShelf_Automation on MCKD-TRNG60-19 with PID 10364 (C:\Users\comviva\Desktop\Project_4014\Project_4014\BookShelfBackendFinalised\target\classes started by comviva in C:\Users\comviva\Desktop\Project_4014\Project_4014\BookShelfBackendFinalised)
- No active profile set, falling back to default profiles: default
- Started BookShelf_Automation in 9.445 seconds (JVM running for 10.127)
- ..................Hello...................
- Starting BookShelf_Automation on MCKD-TRNG60-19 with PID 10592 (C:\Users\comviva\Desktop\Project_4014\Project_4014\BookShelfBackendFinalised\target\classes started by comviva in C:\Users\comviva\Desktop\Project_4014\Project_4014\BookShelfBackendFinalised)
- No active profile set, falling back to default profiles: default
- Started BookShelf_Automation in 6.22 seconds (JVM running for 6.914)
- ..................Hello...................
- Starting BookShelf_Automation on MCKD-TRNG60-19 with PID 4288 (C:\Users\comviva\Desktop\Project_4014\Project_4014\BookShelfBackendFinalised\target\classes started by comviva in C:\Users\comviva\Desktop\Project_4014\Project_4014\BookShelfBackendFinalised)
- No active profile set, falling back to default profiles: default
- Started BookShelf_Automation in 6.458 seconds (JVM running for 7.145)
- ..................Hello...................
- Starting BookShelf_Automation on MCKD-TRNG60-19 with PID 1600 (C:\Users\comviva\Desktop\Project_4014\Project_4014\BookShelfBackendFinalised\target\classes started by comviva in C:\Users\comviva\Desktop\Project_4014\Project_4014\BookShelfBackendFinalised)
- No active profile set, falling back to default profiles: default
- Started BookShelf_Automation in 5.594 seconds (JVM running for 6.246)
- ..................Hello...................
- Starting BookShelf_Automation on MCKD-TRNG60-19 with PID 1936 (C:\Users\comviva\Desktop\Project_4014\Project_4014\BookShelfBackendFinalised\target\classes started by comviva in C:\Users\comviva\Desktop\Project_4014\Project_4014\BookShelfBackendFinalised)
- No active profile set, falling back to default profiles: default
- Started BookShelf_Automation in 5.86 seconds (JVM running for 6.552)
- ..................Hello...................
- Starting BookShelf_Automation on MCKD-TRNG60-19 with PID 4388 (C:\Users\comviva\Desktop\Project_4014\Project_4014\BookShelfBackendFinalised\target\classes started by comviva in C:\Users\comviva\Desktop\Project_4014\Project_4014\BookShelfBackendFinalised)
- No active profile set, falling back to default profiles: default
- Started BookShelf_Automation in 6.972 seconds (JVM running for 7.685)
- ..................Hello...................
- Starting BookShelf_Automation on MCKD-TRNG60-19 with PID 15048 (C:\Users\comviva\Desktop\Project_4014\Project_4014\BookShelfBackendFinalised\target\classes started by comviva in C:\Users\comviva\Desktop\Project_4014\Project_4014\BookShelfBackendFinalised)
- No active profile set, falling back to default profiles: default
- Started BookShelf_Automation in 6.877 seconds (JVM running for 7.579)
- ..................Hello...................
- Starting BookShelf_Automation on MCKD-TRNG60-19 with PID 12704 (C:\Users\comviva\Desktop\Project_4014\Project_4014\BookShelfBackendFinalised\target\classes started by comviva in C:\Users\comviva\Desktop\Project_4014\Project_4014\BookShelfBackendFinalised)
- No active profile set, falling back to default profiles: default
- Started BookShelf_Automation in 5.98 seconds (JVM running for 6.642)
- ..................Hello...................
- Starting BookShelf_Automation on MCKD-TRNG60-19 with PID 7924 (C:\Users\comviva\Desktop\Project_4014\Project_4014\BookShelfBackendFinalised\target\classes started by comviva in C:\Users\comviva\Desktop\Project_4014\Project_4014\BookShelfBackendFinalised)
- No active profile set, falling back to default profiles: default
- Started BookShelf_Automation in 6.45 seconds (JVM running for 7.133)
- ..................Hello...................
- Starting BookShelf_Automation on MCKD-TRNG60-19 with PID 2644 (C:\Users\comviva\Desktop\Project_4014\Project_4014\BookShelfBackendFinalised\target\classes started by comviva in C:\Users\comviva\Desktop\Project_4014\Project_4014\BookShelfBackendFinalised)
- No active profile set, falling back to default profiles: default
- Started BookShelf_Automation in 6.382 seconds (JVM running for 7.065)
- ..................Hello...................
- Starting BookShelf_Automation on MCKD-TRNG60-19 with PID 15116 (C:\Users\comviva\Desktop\Project_4014\Project_4014\BookShelfBackendFinalised\target\classes started by comviva in C:\Users\comviva\Desktop\Project_4014\Project_4014\BookShelfBackendFinalised)
- No active profile set, falling back to default profiles: default
- Started BookShelf_Automation in 6.737 seconds (JVM running for 7.409)
- ..................Hello...................
- Starting BookShelf_Automation on MCKD-TRNG60-19 with PID 14392 (C:\Users\comviva\Desktop\Project_4014\Project_4014\BookShelfBackendFinalised\target\classes started by comviva in C:\Users\comviva\Desktop\Project_4014\Project_4014\BookShelfBackendFinalised)
- No active profile set, falling back to default profiles: default
- Started BookShelf_Automation in 6.295 seconds (JVM running for 6.971)
- ..................Hello...................
- Starting BookShelf_Automation on MCKD-TRNG60-19 with PID 2740 (C:\Users\comviva\Desktop\Project_4014\Project_4014\BookShelfBackendFinalised\target\classes started by comviva in C:\Users\comviva\Desktop\Project_4014\Project_4014\BookShelfBackendFinalised)
- No active profile set, falling back to default profiles: default
- Started BookShelf_Automation in 6.76 seconds (JVM running for 7.448)
- ..................Hello...................
- Starting BookShelf_Automation on MCKD-TRNG60-19 with PID 14724 (C:\Users\comviva\Desktop\Project_4014\Project_4014\BookShelfBackendFinalised\target\classes started by comviva in C:\Users\comviva\Desktop\Project_4014\Project_4014\BookShelfBackendFinalised)
- No active profile set, falling back to default profiles: default
- Started BookShelf_Automation in 6.281 seconds (JVM running for 6.977)
- ..................Hello...................
- Starting BookShelf_Automation on MCKD-TRNG60-19 with PID 14496 (C:\Users\comviva\Desktop\Project_4014\Project_4014\BookShelfBackendFinalised\target\classes started by comviva in C:\Users\comviva\Desktop\Project_4014\Project_4014\BookShelfBackendFinalised)
- No active profile set, falling back to default profiles: default
- Started BookShelf_Automation in 7.236 seconds (JVM running for 7.919)
- ..................Hello...................
- Starting BookShelf_Automation on MCKD-TRNG60-19 with PID 248 (C:\Users\comviva\Desktop\Project_4014\Project_4014\BookShelfBackendFinalised\target\classes started by comviva in C:\Users\comviva\Desktop\Project_4014\Project_4014\BookShelfBackendFinalised)
- No active profile set, falling back to default profiles: default
- Started BookShelf_Automation in 6.411 seconds (JVM running for 7.084)
- ..................Hello...................
- Starting BookShelf_Automation on MCKD-TRNG60-19 with PID 11924 (C:\Users\comviva\Desktop\Project_4014\Project_4014\BookShelfBackendFinalised\target\classes started by comviva in C:\Users\comviva\Desktop\Project_4014\Project_4014\BookShelfBackendFinalised)
- No active profile set, falling back to default profiles: default
- Started BookShelf_Automation in 6.605 seconds (JVM running for 7.279)
- ..................Hello...................
- Starting BookShelf_Automation on MCKD-TRNG60-19 with PID 12860 (C:\Users\comviva\Desktop\Project_4014\Project_4014\BookShelfBackendFinalised\target\classes started by comviva in C:\Users\comviva\Desktop\Project_4014\Project_4014\BookShelfBackendFinalised)
- No active profile set, falling back to default profiles: default
- Started BookShelf_Automation in 6.142 seconds (JVM running for 6.826)
- ..................Hello...................
- Member validation post request for Member : 5
- Member validation post request for Member : 1
- Member validation post request for Member : 1
- Member validation post request for Member : 4
- Member validation post request for Member : 4
- Member validation post request for Member : 4
- Starting BookShelf_Automation on MCKD-TRNG60-19 with PID 10352 (C:\Users\comviva\Desktop\Project_4014\Project_4014\BookShelfBackendFinalised\target\classes started by comviva in C:\Users\comviva\Desktop\Project_4014\Project_4014\BookShelfBackendFinalised)
- No active profile set, falling back to default profiles: default
- Started BookShelf_Automation in 6.105 seconds (JVM running for 6.786)
- ..................Hello...................
