- Starting BookShelf_Automation on MCKD-TRNG60-19 with PID 7864 (C:\Users\comviva\Desktop\Project_4014\Project_4014\BookShelfBackendFinalised\target\classes started by comviva in C:\Users\comviva\Desktop\Project_4014\Project_4014\BookShelfBackendFinalised)
- No active profile set, falling back to default profiles: default
- Started BookShelf_Automation in 18.344 seconds (JVM running for 20.35)
- ..................Hello...................
- Starting BookShelf_Automation on MCKD-TRNG60-19 with PID 9112 (C:\Users\comviva\Desktop\Project_4014\Project_4014\BookShelfBackendFinalised\target\classes started by comviva in C:\Users\comviva\Desktop\Project_4014\Project_4014\BookShelfBackendFinalised)
- No active profile set, falling back to default profiles: default
- Started BookShelf_Automation in 5.203 seconds (JVM running for 5.828)
- ..................Hello...................
- Starting BookShelf_Automation on MCKD-TRNG60-19 with PID 6476 (C:\Users\comviva\Desktop\Project_4014\Project_4014\BookShelfBackendFinalised\target\classes started by comviva in C:\Users\comviva\Desktop\Project_4014\Project_4014\BookShelfBackendFinalised)
- No active profile set, falling back to default profiles: default
- Started BookShelf_Automation in 4.881 seconds (JVM running for 5.496)
- ..................Hello...................
- Starting BookShelf_Automation on MCKD-TRNG60-19 with PID 1160 (C:\Users\comviva\Desktop\Project_4014\Project_4014\BookShelfBackendFinalised\target\classes started by comviva in C:\Users\comviva\Desktop\Project_4014\Project_4014\BookShelfBackendFinalised)
- No active profile set, falling back to default profiles: default
- Started BookShelf_Automation in 5.057 seconds (JVM running for 5.666)
- ..................Hello...................
- Starting BookShelf_Automation on MCKD-TRNG60-19 with PID 9604 (C:\Users\comviva\Desktop\Project_4014\Project_4014\BookShelfBackendFinalised\target\classes started by comviva in C:\Users\comviva\Desktop\Project_4014\Project_4014\BookShelfBackendFinalised)
- No active profile set, falling back to default profiles: default
- Started BookShelf_Automation in 5.001 seconds (JVM running for 5.645)
- ..................Hello...................
- Starting BookShelf_Automation on MCKD-TRNG60-19 with PID 7488 (C:\Users\comviva\Desktop\Project_4014\Project_4014\BookShelfBackendFinalised\target\classes started by comviva in C:\Users\comviva\Desktop\Project_4014\Project_4014\BookShelfBackendFinalised)
- No active profile set, falling back to default profiles: default
- Started BookShelf_Automation in 5.241 seconds (JVM running for 5.866)
- ..................Hello...................
- Starting BookShelf_Automation on MCKD-TRNG60-19 with PID 3884 (C:\Users\comviva\Desktop\Project_4014\Project_4014\BookShelfBackendFinalised\target\classes started by comviva in C:\Users\comviva\Desktop\Project_4014\Project_4014\BookShelfBackendFinalised)
- No active profile set, falling back to default profiles: default
- Started BookShelf_Automation in 5.156 seconds (JVM running for 5.77)
- ..................Hello...................
- Starting BookShelf_Automation on MCKD-TRNG60-19 with PID 8708 (C:\Users\comviva\Desktop\Project_4014\Project_4014\BookShelfBackendFinalised\target\classes started by comviva in C:\Users\comviva\Desktop\Project_4014\Project_4014\BookShelfBackendFinalised)
- No active profile set, falling back to default profiles: default
- Started BookShelf_Automation in 5.227 seconds (JVM running for 5.845)
- ..................Hello...................
- Starting BookShelf_Automation on MCKD-TRNG60-19 with PID 1252 (C:\Users\comviva\Desktop\Project_4014\Project_4014\BookShelfBackendFinalised\target\classes started by comviva in C:\Users\comviva\Desktop\Project_4014\Project_4014\BookShelfBackendFinalised)
- No active profile set, falling back to default profiles: default
- Started BookShelf_Automation in 4.897 seconds (JVM running for 5.515)
- ..................Hello...................
- Member validation post request for Member : 6
- Member validation post request for Member : 6
- Member validation post request for Member : 7
- Member validation post request for Member : 7
- Member validation post request for Member : 7
- Starting BookShelf_Automation on MCKD-TRNG60-19 with PID 12992 (C:\Users\comviva\Desktop\Project_4014\Project_4014\BookShelfBackendFinalised\target\classes started by comviva in C:\Users\comviva\Desktop\Project_4014\Project_4014\BookShelfBackendFinalised)
- No active profile set, falling back to default profiles: default
- Started BookShelf_Automation in 5.56 seconds (JVM running for 7.892)
- ...................Intialising Logger!...................
- Admin validation post request for Admin : 2132
- Admin validation post request for Admin : 2132
- Admin validation post request for Admin : 2132
- Starting BookShelf_Automation on MCKD-TRNG60-19 with PID 12988 (C:\Users\comviva\Desktop\Project_4014\Project_4014\BookShelfBackendFinalised\target\classes started by comviva in C:\Users\comviva\Desktop\Project_4014\Project_4014\BookShelfBackendFinalised)
- No active profile set, falling back to default profiles: default
- Started BookShelf_Automation in 5.374 seconds (JVM running for 5.993)
- ...................Intialising Logger!...................
- Admin validation post request for Admin : 2132
- Starting BookShelf_Automation on MCKD-TRNG60-19 with PID 13316 (C:\Users\comviva\Desktop\Project_4014\Project_4014\BookShelfBackendFinalised\target\classes started by comviva in C:\Users\comviva\Desktop\Project_4014\Project_4014\BookShelfBackendFinalised)
- No active profile set, falling back to default profiles: default
- Started BookShelf_Automation in 10.939 seconds (JVM running for 12.717)
- ...................Intialising Logger!...................
- Starting BookShelf_Automation on MCKD-TRNG60-19 with PID 13452 (C:\Users\comviva\Desktop\Project_4014\Project_4014\BookShelfBackendFinalised\target\classes started by comviva in C:\Users\comviva\Desktop\Project_4014\Project_4014\BookShelfBackendFinalised)
- No active profile set, falling back to default profiles: default
- Started BookShelf_Automation in 5.341 seconds (JVM running for 5.982)
- ...................Intialising Logger!...................
