- Starting BookShelf_Automation on MCKD-TRNG60-19 with PID 13040 (C:\Users\comviva\Desktop\Project_4014\Project_4014\BookShelfBackendFinalised\target\classes started by comviva in C:\Users\comviva\Desktop\Project_4014\Project_4014\BookShelfBackendFinalised)
- No active profile set, falling back to default profiles: default
- Started BookShelf_Automation in 5.069 seconds (JVM running for 5.664)
- ...................Intialising Logger!...................
- Starting BookShelf_Automation on MCKD-TRNG60-19 with PID 9604 (C:\Users\comviva\Desktop\Project_4014\Project_4014\BookShelfBackendFinalised\target\classes started by comviva in C:\Users\comviva\Desktop\Project_4014\Project_4014\BookShelfBackendFinalised)
- No active profile set, falling back to default profiles: default
- Started BookShelf_Automation in 5.188 seconds (JVM running for 5.806)
- ...................Intialising Logger!...................
- Member validation post request for Member : 7
- Starting BookShelf_Automation on MCKD-TRNG60-19 with PID 9788 (C:\Users\comviva\Desktop\Project_4014\Project_4014\BookShelfBackendFinalised\target\classes started by comviva in C:\Users\comviva\Desktop\Project_4014\Project_4014\BookShelfBackendFinalised)
- No active profile set, falling back to default profiles: default
- Started BookShelf_Automation in 5.225 seconds (JVM running for 5.836)
- ...................Intialising Logger!...................
- Starting BookShelf_Automation on MCKD-TRNG60-19 with PID 12684 (C:\Users\comviva\Desktop\Project_4014\Project_4014\BookShelfBackendFinalised\target\classes started by comviva in C:\Users\comviva\Desktop\Project_4014\Project_4014\BookShelfBackendFinalised)
- No active profile set, falling back to default profiles: default
- Started BookShelf_Automation in 5.244 seconds (JVM running for 5.861)
- ...................Intialising Logger!...................
- Starting BookShelf_Automation on MCKD-TRNG60-19 with PID 7492 (C:\Users\comviva\Desktop\Project_4014\Project_4014\BookShelfBackendFinalised\target\classes started by comviva in C:\Users\comviva\Desktop\Project_4014\Project_4014\BookShelfBackendFinalised)
- No active profile set, falling back to default profiles: default
- Started BookShelf_Automation in 5.367 seconds (JVM running for 5.976)
- ...................Intialising Logger!...................
- Starting BookShelf_Automation on MCKD-TRNG60-19 with PID 12056 (C:\Users\comviva\Desktop\Project_4014\Project_4014\BookShelfBackendFinalised\target\classes started by comviva in C:\Users\comviva\Desktop\Project_4014\Project_4014\BookShelfBackendFinalised)
- No active profile set, falling back to default profiles: default
- Started BookShelf_Automation in 5.274 seconds (JVM running for 5.888)
- ...................Intialising Logger!...................
- Starting BookShelf_Automation on MCKD-TRNG60-19 with PID 13432 (C:\Users\comviva\Desktop\Project_4014\Project_4014\BookShelfBackendFinalised\target\classes started by comviva in C:\Users\comviva\Desktop\Project_4014\Project_4014\BookShelfBackendFinalised)
- No active profile set, falling back to default profiles: default
- Started BookShelf_Automation in 5.187 seconds (JVM running for 5.795)
- ...................Intialising Logger!...................
- Starting BookShelf_Automation on MCKD-TRNG60-19 with PID 12800 (C:\Users\comviva\Desktop\Project_4014\Project_4014\BookShelfBackendFinalised\target\classes started by comviva in C:\Users\comviva\Desktop\Project_4014\Project_4014\BookShelfBackendFinalised)
- No active profile set, falling back to default profiles: default
- Started BookShelf_Automation in 5.482 seconds (JVM running for 6.079)
- ...................Intialising Logger!...................
- Starting BookShelf_Automation on MCKD-TRNG60-19 with PID 11864 (C:\Users\comviva\Desktop\Project_4014\Project_4014\BookShelfBackendFinalised\target\classes started by comviva in C:\Users\comviva\Desktop\Project_4014\Project_4014\BookShelfBackendFinalised)
- No active profile set, falling back to default profiles: default
- Started BookShelf_Automation in 5.337 seconds (JVM running for 5.95)
- ...................Intialising Logger!...................
- Starting BookShelf_Automation on MCKD-TRNG60-19 with PID 1080 (C:\Users\comviva\Desktop\Project_4014\Project_4014\BookShelfBackendFinalised\target\classes started by comviva in C:\Users\comviva\Desktop\Project_4014\Project_4014\BookShelfBackendFinalised)
- No active profile set, falling back to default profiles: default
- Started BookShelf_Automation in 4.902 seconds (JVM running for 5.546)
- ...................Intialising Logger!...................
- Starting BookShelf_Automation on MCKD-TRNG60-19 with PID 11280 (C:\Users\comviva\Desktop\Project_4014\Project_4014\BookShelfBackendFinalised\target\classes started by comviva in C:\Users\comviva\Desktop\Project_4014\Project_4014\BookShelfBackendFinalised)
- No active profile set, falling back to default profiles: default
- Started BookShelf_Automation in 5.328 seconds (JVM running for 5.941)
- ...................Intialising Logger!...................
- Starting BookShelf_Automation on MCKD-TRNG60-19 with PID 2896 (C:\Users\comviva\Desktop\Project_4014\Project_4014\BookShelfBackendFinalised\target\classes started by comviva in C:\Users\comviva\Desktop\Project_4014\Project_4014\BookShelfBackendFinalised)
- No active profile set, falling back to default profiles: default
- Started BookShelf_Automation in 5.009 seconds (JVM running for 5.62)
- ...................Intialising Logger!...................
- Starting BookShelf_Automation on MCKD-TRNG60-19 with PID 13784 (C:\Users\comviva\Desktop\Project_4014\Project_4014\BookShelfBackendFinalised\target\classes started by comviva in C:\Users\comviva\Desktop\Project_4014\Project_4014\BookShelfBackendFinalised)
- No active profile set, falling back to default profiles: default
- Started BookShelf_Automation in 5.339 seconds (JVM running for 5.973)
- ...................Intialising Logger!...................
- Starting BookShelf_Automation on MCKD-TRNG60-19 with PID 9888 (C:\Users\comviva\Desktop\Project_4014\Project_4014\BookShelfBackendFinalised\target\classes started by comviva in C:\Users\comviva\Desktop\Project_4014\Project_4014\BookShelfBackendFinalised)
- No active profile set, falling back to default profiles: default
- Started BookShelf_Automation in 5.058 seconds (JVM running for 5.678)
- ...................Intialising Logger!...................
- Starting BookShelf_Automation on MCKD-TRNG60-19 with PID 13992 (C:\Users\comviva\Desktop\Project_4014\Project_4014\BookShelfBackendFinalised\target\classes started by comviva in C:\Users\comviva\Desktop\Project_4014\Project_4014\BookShelfBackendFinalised)
- No active profile set, falling back to default profiles: default
- Started BookShelf_Automation in 5.018 seconds (JVM running for 5.629)
- ...................Intialising Logger!...................
- Starting BookShelf_Automation on MCKD-TRNG60-19 with PID 7652 (C:\Users\comviva\Desktop\Project_4014\Project_4014\BookShelfBackendFinalised\target\classes started by comviva in C:\Users\comviva\Desktop\Project_4014\Project_4014\BookShelfBackendFinalised)
- No active profile set, falling back to default profiles: default
- Started BookShelf_Automation in 5.31 seconds (JVM running for 5.945)
- ...................Intialising Logger!...................
- Starting BookShelf_Automation on MCKD-TRNG60-19 with PID 11460 (C:\Users\comviva\Desktop\Project_4014\Project_4014\BookShelfBackendFinalised\target\classes started by comviva in C:\Users\comviva\Desktop\Project_4014\Project_4014\BookShelfBackendFinalised)
- No active profile set, falling back to default profiles: default
- Started BookShelf_Automation in 5.31 seconds (JVM running for 5.933)
- ...................Intialising Logger!...................
- Starting BookShelf_Automation on MCKD-TRNG60-19 with PID 8788 (C:\Users\comviva\Desktop\Project_4014\Project_4014\BookShelfBackendFinalised\target\classes started by comviva in C:\Users\comviva\Desktop\Project_4014\Project_4014\BookShelfBackendFinalised)
- No active profile set, falling back to default profiles: default
- Started BookShelf_Automation in 5.469 seconds (JVM running for 6.081)
- ...................Intialising Logger!...................
- Starting BookShelf_Automation on MCKD-TRNG60-19 with PID 7324 (C:\Users\comviva\Desktop\Project_4014\Project_4014\BookShelfBackendFinalised\target\classes started by comviva in C:\Users\comviva\Desktop\Project_4014\Project_4014\BookShelfBackendFinalised)
- No active profile set, falling back to default profiles: default
- Started BookShelf_Automation in 5.099 seconds (JVM running for 5.685)
- ...................Intialising Logger!...................
- Starting BookShelf_Automation on MCKD-TRNG60-19 with PID 11452 (C:\Users\comviva\Desktop\Project_4014\Project_4014\BookShelfBackendFinalised\target\classes started by comviva in C:\Users\comviva\Desktop\Project_4014\Project_4014\BookShelfBackendFinalised)
- No active profile set, falling back to default profiles: default
- Started BookShelf_Automation in 5.108 seconds (JVM running for 5.735)
- ...................Intialising Logger!...................
- Starting BookShelf_Automation on MCKD-TRNG60-19 with PID 11544 (C:\Users\comviva\Desktop\Project_4014\Project_4014\BookShelfBackendFinalised\target\classes started by comviva in C:\Users\comviva\Desktop\Project_4014\Project_4014\BookShelfBackendFinalised)
- No active profile set, falling back to default profiles: default
- Started BookShelf_Automation in 5.025 seconds (JVM running for 5.638)
- ...................Intialising Logger!...................
- Member validation post request for Member : 7
- Member validation post request for Member : 7
- Member validation post request for Member : 7
